<?xml version="1.0" encoding="UTF-8"?>
<!-- Generated by org.testng.reporters.JUnitReportReporter -->
<testsuite hostname="DARSHANSAINI" failures="0" tests="3" name="Test1.crossbrowserTesting" time="171.683" errors="0" timestamp="2025-05-03T23:43:09 IST" skipped="0">
  <testcase classname="Test1.crossbrowserTesting" name="verifyHomePageTitle" time="135.237"/>
  <testcase classname="Test1.crossbrowserTesting" name="verifyHomePageTitle" time="18.061"/>
  <testcase classname="Test1.crossbrowserTesting" name="verifyHomePageTitle" time="18.385"/>
</testsuite> <!-- Test1.crossbrowserTesting -->
